[debug] [2021-02-21T16:03:36.417Z] ----------------------------------------------------------------------
[debug] [2021-02-21T16:03:36.419Z] Command:       /usr/local/bin/node /usr/local/bin/firebase deploy --only hosting
[debug] [2021-02-21T16:03:36.419Z] CLI Version:   9.4.0
[debug] [2021-02-21T16:03:36.419Z] Platform:      darwin
[debug] [2021-02-21T16:03:36.419Z] Node Version:  v12.13.1
[debug] [2021-02-21T16:03:36.420Z] Time:          Sun Feb 21 2021 16:03:36 GMT+0000 (Greenwich Mean Time)
[debug] [2021-02-21T16:03:36.420Z] ----------------------------------------------------------------------
[debug] [2021-02-21T16:03:36.420Z] 
[debug] [2021-02-21T16:03:36.427Z] > command requires scopes: ["email","openid","https://www.googleapis.com/auth/cloudplatformprojects.readonly","https://www.googleapis.com/auth/firebase","https://www.googleapis.com/auth/cloud-platform"]
[debug] [2021-02-21T16:03:36.428Z] > authorizing via signed-in user
[debug] [2021-02-21T16:03:36.428Z] [iam] checking project assessment-2f428 for permissions ["firebase.projects.get","firebasehosting.sites.update"]
[debug] [2021-02-21T16:03:36.430Z] >>> HTTP REQUEST POST https://cloudresourcemanager.googleapis.com/v1/projects/assessment-2f428:testIamPermissions  
 {"permissions":["firebase.projects.get","firebasehosting.sites.update"]}
[debug] [2021-02-21T16:03:37.262Z] <<< HTTP RESPONSE 200 {"content-type":"application/json; charset=UTF-8","vary":"X-Origin, Referer, Origin,Accept-Encoding","date":"Sun, 21 Feb 2021 16:03:36 GMT","server":"ESF","cache-control":"private","x-xss-protection":"0","x-frame-options":"SAMEORIGIN","x-content-type-options":"nosniff","server-timing":"gfet4t7; dur=553","alt-svc":"h3-29=\":443\"; ma=2592000,h3-T051=\":443\"; ma=2592000,h3-Q050=\":443\"; ma=2592000,h3-Q046=\":443\"; ma=2592000,h3-Q043=\":443\"; ma=2592000,quic=\":443\"; ma=2592000; v=\"46,43\"","accept-ranges":"none","transfer-encoding":"chunked"}
[debug] [2021-02-21T16:03:37.264Z] > refreshing access token with scopes: []
[debug] [2021-02-21T16:03:37.265Z] >>> HTTP REQUEST POST https://www.googleapis.com/oauth2/v3/token  
 <request body omitted>
[debug] [2021-02-21T16:03:37.344Z] <<< HTTP RESPONSE 200 {"expires":"Mon, 01 Jan 1990 00:00:00 GMT","pragma":"no-cache","date":"Sun, 21 Feb 2021 16:03:37 GMT","cache-control":"no-cache, no-store, max-age=0, must-revalidate","content-type":"application/json; charset=utf-8","vary":"X-Origin, Referer, Origin,Accept-Encoding","server":"scaffolding on HTTPServer2","x-xss-protection":"0","x-frame-options":"SAMEORIGIN","x-content-type-options":"nosniff","alt-svc":"h3-29=\":443\"; ma=2592000,h3-T051=\":443\"; ma=2592000,h3-Q050=\":443\"; ma=2592000,h3-Q046=\":443\"; ma=2592000,h3-Q043=\":443\"; ma=2592000,quic=\":443\"; ma=2592000; v=\"46,43\"","accept-ranges":"none","transfer-encoding":"chunked"}
[debug] [2021-02-21T16:03:37.356Z] >>> [apiv2][query] GET https://firebase.googleapis.com/v1beta1/projects/assessment-2f428 [none]
[debug] [2021-02-21T16:03:37.523Z] <<< [apiv2][status] GET https://firebase.googleapis.com/v1beta1/projects/assessment-2f428 200
[debug] [2021-02-21T16:03:37.523Z] <<< [apiv2][body] GET https://firebase.googleapis.com/v1beta1/projects/assessment-2f428 {"projectId":"assessment-2f428","projectNumber":"18624726857","displayName":"Assessment","name":"projects/assessment-2f428","resources":{"hostingSite":"assessment-2f428","realtimeDatabaseInstance":"assessment-2f428-default-rtdb","storageBucket":"assessment-2f428.appspot.com","locationId":"europe-west"},"state":"ACTIVE"}
[info] 
[info] === Deploying to 'assessment-2f428'...
[info] 
[info] i  deploying hosting 
[debug] [2021-02-21T16:03:37.527Z] > refreshing access token with scopes: ["email","https://www.googleapis.com/auth/cloud-platform","https://www.googleapis.com/auth/cloudplatformprojects.readonly","https://www.googleapis.com/auth/firebase","openid"]
[debug] [2021-02-21T16:03:37.527Z] >>> HTTP REQUEST POST https://www.googleapis.com/oauth2/v3/token  
 <request body omitted>
[debug] [2021-02-21T16:03:37.591Z] <<< HTTP RESPONSE 200 {"cache-control":"no-cache, no-store, max-age=0, must-revalidate","date":"Sun, 21 Feb 2021 16:03:37 GMT","expires":"Mon, 01 Jan 1990 00:00:00 GMT","pragma":"no-cache","content-type":"application/json; charset=utf-8","vary":"X-Origin, Referer, Origin,Accept-Encoding","server":"scaffolding on HTTPServer2","x-xss-protection":"0","x-frame-options":"SAMEORIGIN","x-content-type-options":"nosniff","alt-svc":"h3-29=\":443\"; ma=2592000,h3-T051=\":443\"; ma=2592000,h3-Q050=\":443\"; ma=2592000,h3-Q046=\":443\"; ma=2592000,h3-Q043=\":443\"; ma=2592000,quic=\":443\"; ma=2592000; v=\"46,43\"","accept-ranges":"none","transfer-encoding":"chunked"}
[debug] [2021-02-21T16:03:37.602Z] >>> HTTP REQUEST POST https://firebasehosting.googleapis.com/v1beta1/sites/vue-assessment/versions  
 {"config":{"rewrites":[{"glob":"**","path":"/index.html"}]},"labels":{"deployment-tool":"cli-firebase"}}
[debug] [2021-02-21T16:03:38.795Z] <<< HTTP RESPONSE 200 {"content-type":"application/json; charset=UTF-8","vary":"X-Origin, Referer, Origin,Accept-Encoding","date":"Sun, 21 Feb 2021 16:03:38 GMT","server":"ESF","cache-control":"private","x-xss-protection":"0","x-frame-options":"SAMEORIGIN","x-content-type-options":"nosniff","alt-svc":"h3-29=\":443\"; ma=2592000,h3-T051=\":443\"; ma=2592000,h3-Q050=\":443\"; ma=2592000,h3-Q046=\":443\"; ma=2592000,h3-Q043=\":443\"; ma=2592000,quic=\":443\"; ma=2592000; v=\"46,43\"","accept-ranges":"none","transfer-encoding":"chunked"}
[info] i  hosting[vue-assessment]: beginning deploy... 
[info] i  hosting[vue-assessment]: found 7 files in dist 
[debug] [2021-02-21T16:03:39.205Z] > refreshing access token with scopes: []
[debug] [2021-02-21T16:03:39.205Z] >>> HTTP REQUEST POST https://www.googleapis.com/oauth2/v3/token  
 <request body omitted>
[debug] [2021-02-21T16:03:39.206Z] [hosting] hash cache [ZGlzdA] stored for 7 files
[debug] [2021-02-21T16:03:39.207Z] [hosting][hash queue][FINAL] {"max":399,"min":7,"avg":67.28571428571429,"active":0,"complete":7,"success":7,"errored":0,"retried":0,"total":7,"elapsed":403}
[debug] [2021-02-21T16:03:39.282Z] <<< HTTP RESPONSE 200 {"expires":"Mon, 01 Jan 1990 00:00:00 GMT","date":"Sun, 21 Feb 2021 16:03:39 GMT","cache-control":"no-cache, no-store, max-age=0, must-revalidate","pragma":"no-cache","content-type":"application/json; charset=utf-8","vary":"X-Origin, Referer, Origin,Accept-Encoding","server":"scaffolding on HTTPServer2","x-xss-protection":"0","x-frame-options":"SAMEORIGIN","x-content-type-options":"nosniff","alt-svc":"h3-29=\":443\"; ma=2592000,h3-T051=\":443\"; ma=2592000,h3-Q050=\":443\"; ma=2592000,h3-Q046=\":443\"; ma=2592000,h3-Q043=\":443\"; ma=2592000,quic=\":443\"; ma=2592000; v=\"46,43\"","accept-ranges":"none","transfer-encoding":"chunked"}
[debug] [2021-02-21T16:03:39.293Z] >>> [apiv2][query] POST https://firebasehosting.googleapis.com/v1beta1/sites/vue-assessment/versions/654c3d1fac397186:populateFiles [none]
[debug] [2021-02-21T16:03:39.294Z] >>> [apiv2][body] POST https://firebasehosting.googleapis.com/v1beta1/sites/vue-assessment/versions/654c3d1fac397186:populateFiles {"files":{"/index.html":"40a7a2e58c66ffbcae76f884f87176ad1b4c585c73bc254d7103c68322b7f3b7","/favicon.ico":"1e71457865f706dc865b49a54a86e193818220d290b30226b6630a42faf1535d","/css/app.2b6f8d77.css":"2e035a861c7d42a1fa0518d63ce91fbb50487d3c52fa3df32f321c2301959a84","/js/app.f7184c95.js":"842961a3ced5d73f6ced5ea99dc98015545508fb365c8d518f3b3fdb76d78722","/js/app.f7184c95.js.map":"8f980022d89e40816ac9eb7349a861f325e1e542754700381786246a22c5f4bc","/js/chunk-vendors.54aa2bc8.js":"3cb3fcb7ce616df4d3319cef3d068465f2402edb2f121a5934db0e78dd342370","/js/chunk-vendors.54aa2bc8.js.map":"8566c3df70b3278dcabdd54add08e5a5fa9b3a178b77350ac4088f8c87c91d60"}}
[debug] [2021-02-21T16:03:40.332Z] <<< [apiv2][status] POST https://firebasehosting.googleapis.com/v1beta1/sites/vue-assessment/versions/654c3d1fac397186:populateFiles 200
[debug] [2021-02-21T16:03:40.332Z] <<< [apiv2][body] POST https://firebasehosting.googleapis.com/v1beta1/sites/vue-assessment/versions/654c3d1fac397186:populateFiles {"uploadRequiredHashes":["8f980022d89e40816ac9eb7349a861f325e1e542754700381786246a22c5f4bc","40a7a2e58c66ffbcae76f884f87176ad1b4c585c73bc254d7103c68322b7f3b7","842961a3ced5d73f6ced5ea99dc98015545508fb365c8d518f3b3fdb76d78722"],"uploadUrl":"https://upload-firebasehosting.googleapis.com/upload/sites/vue-assessment/versions/654c3d1fac397186/files"}
[debug] [2021-02-21T16:03:40.335Z] >>> [apiv2][query] POST https://upload-firebasehosting.googleapis.com/upload/sites/vue-assessment/versions/654c3d1fac397186/files/8f980022d89e40816ac9eb7349a861f325e1e542754700381786246a22c5f4bc [none]
[debug] [2021-02-21T16:03:40.335Z] >>> [apiv2][body] POST https://upload-firebasehosting.googleapis.com/upload/sites/vue-assessment/versions/654c3d1fac397186/files/8f980022d89e40816ac9eb7349a861f325e1e542754700381786246a22c5f4bc [stream]
[debug] [2021-02-21T16:03:40.336Z] >>> [apiv2][query] POST https://upload-firebasehosting.googleapis.com/upload/sites/vue-assessment/versions/654c3d1fac397186/files/40a7a2e58c66ffbcae76f884f87176ad1b4c585c73bc254d7103c68322b7f3b7 [none]
[debug] [2021-02-21T16:03:40.336Z] >>> [apiv2][body] POST https://upload-firebasehosting.googleapis.com/upload/sites/vue-assessment/versions/654c3d1fac397186/files/40a7a2e58c66ffbcae76f884f87176ad1b4c585c73bc254d7103c68322b7f3b7 [stream]
[debug] [2021-02-21T16:03:40.337Z] >>> [apiv2][query] POST https://upload-firebasehosting.googleapis.com/upload/sites/vue-assessment/versions/654c3d1fac397186/files/842961a3ced5d73f6ced5ea99dc98015545508fb365c8d518f3b3fdb76d78722 [none]
[debug] [2021-02-21T16:03:40.337Z] >>> [apiv2][body] POST https://upload-firebasehosting.googleapis.com/upload/sites/vue-assessment/versions/654c3d1fac397186/files/842961a3ced5d73f6ced5ea99dc98015545508fb365c8d518f3b3fdb76d78722 [stream]
[debug] [2021-02-21T16:03:40.338Z] [hosting][populate queue][FINAL] {"max":1130,"min":1130,"avg":1130,"active":0,"complete":1,"success":1,"errored":0,"retried":0,"total":1,"elapsed":1133}
[debug] [2021-02-21T16:03:40.338Z] [hosting] uploads queued: 3
[debug] [2021-02-21T16:03:42.174Z] <<< [apiv2][status] POST https://upload-firebasehosting.googleapis.com/upload/sites/vue-assessment/versions/654c3d1fac397186/files/40a7a2e58c66ffbcae76f884f87176ad1b4c585c73bc254d7103c68322b7f3b7 200
[debug] [2021-02-21T16:03:42.174Z] <<< [apiv2][body] POST https://upload-firebasehosting.googleapis.com/upload/sites/vue-assessment/versions/654c3d1fac397186/files/40a7a2e58c66ffbcae76f884f87176ad1b4c585c73bc254d7103c68322b7f3b7 [stream]
[debug] [2021-02-21T16:03:42.175Z] <<< [apiv2][status] POST https://upload-firebasehosting.googleapis.com/upload/sites/vue-assessment/versions/654c3d1fac397186/files/842961a3ced5d73f6ced5ea99dc98015545508fb365c8d518f3b3fdb76d78722 200
[debug] [2021-02-21T16:03:42.175Z] <<< [apiv2][body] POST https://upload-firebasehosting.googleapis.com/upload/sites/vue-assessment/versions/654c3d1fac397186/files/842961a3ced5d73f6ced5ea99dc98015545508fb365c8d518f3b3fdb76d78722 [stream]
[debug] [2021-02-21T16:03:42.176Z] <<< [apiv2][status] POST https://upload-firebasehosting.googleapis.com/upload/sites/vue-assessment/versions/654c3d1fac397186/files/8f980022d89e40816ac9eb7349a861f325e1e542754700381786246a22c5f4bc 200
[debug] [2021-02-21T16:03:42.176Z] <<< [apiv2][body] POST https://upload-firebasehosting.googleapis.com/upload/sites/vue-assessment/versions/654c3d1fac397186/files/8f980022d89e40816ac9eb7349a861f325e1e542754700381786246a22c5f4bc [stream]
[debug] [2021-02-21T16:03:42.176Z] [hosting][upload queue][FINAL] {"max":1843,"min":1842,"avg":1842.3333333333333,"active":0,"complete":3,"success":3,"errored":0,"retried":0,"total":3,"elapsed":1843}
[info] ✔  hosting[vue-assessment]: file upload complete 
[debug] [2021-02-21T16:03:42.177Z] [hosting] deploy completed after 3381ms
[debug] [2021-02-21T16:03:42.179Z] [
  {
    "config": {
      "public": "dist",
      "site": "vue-assessment",
      "ignore": [
        "firebase.json",
        "**/.*",
        "**/node_modules/**"
      ],
      "rewrites": [
        {
          "source": "**",
          "destination": "/index.html"
        }
      ]
    },
    "site": "vue-assessment",
    "version": "sites/vue-assessment/versions/654c3d1fac397186"
  }
]
[info] i  hosting[vue-assessment]: finalizing version... 
[debug] [2021-02-21T16:03:42.179Z] > refreshing access token with scopes: ["email","https://www.googleapis.com/auth/cloud-platform","https://www.googleapis.com/auth/cloudplatformprojects.readonly","https://www.googleapis.com/auth/firebase","openid"]
[debug] [2021-02-21T16:03:42.185Z] >>> HTTP REQUEST POST https://www.googleapis.com/oauth2/v3/token  
 <request body omitted>
[debug] [2021-02-21T16:03:42.246Z] <<< HTTP RESPONSE 200 {"date":"Sun, 21 Feb 2021 16:03:42 GMT","pragma":"no-cache","expires":"Mon, 01 Jan 1990 00:00:00 GMT","cache-control":"no-cache, no-store, max-age=0, must-revalidate","content-type":"application/json; charset=utf-8","vary":"X-Origin, Referer, Origin,Accept-Encoding","server":"scaffolding on HTTPServer2","x-xss-protection":"0","x-frame-options":"SAMEORIGIN","x-content-type-options":"nosniff","alt-svc":"h3-29=\":443\"; ma=2592000,h3-T051=\":443\"; ma=2592000,h3-Q050=\":443\"; ma=2592000,h3-Q046=\":443\"; ma=2592000,h3-Q043=\":443\"; ma=2592000,quic=\":443\"; ma=2592000; v=\"46,43\"","accept-ranges":"none","transfer-encoding":"chunked"}
[debug] [2021-02-21T16:03:42.255Z] >>> HTTP REQUEST PATCH https://firebasehosting.googleapis.com/v1beta1/sites/vue-assessment/versions/654c3d1fac397186?updateMask=status  
 {"status":"FINALIZED"}
